<?xml version="1.0" encoding="UTF-8"?>
<!-- Generated by org.testng.reporters.JUnitReportReporter -->
<testsuite hostname="DESKTOP-BDS3F58" failures="0" tests="2" name="BusTest.BusTests" time="132.397" errors="0" timestamp="07 Feb 2021 15:23:27 GMT" skipped="0">
  <testcase classname="BusTest.BusTests" name="BusBookTest" time="64.104"/>
  <testcase classname="BusTest.BusTests" name="BusBookTest" time="68.293"/>
</testsuite> <!-- BusTest.BusTests -->
